[INFO] Scanning for projects...
[INFO]                                                                         
[INFO] ------------------------------------------------------------------------
[INFO] Building cucSpringIntegration 0.0.1-SNAPSHOT
[INFO] ------------------------------------------------------------------------
[INFO] 
[INFO] --- maven-resources-plugin:2.6:resources (default-resources) @ cucSpringIntegration ---
[INFO] Using 'UTF-8' encoding to copy filtered resources.
[INFO] Copying 0 resource
[INFO] 
[INFO] --- maven-compiler-plugin:3.1:compile (default-compile) @ cucSpringIntegration ---
[INFO] Nothing to compile - all classes are up to date
[INFO] 
[INFO] --- maven-resources-plugin:2.6:testResources (default-testResources) @ cucSpringIntegration ---
[INFO] Using 'UTF-8' encoding to copy filtered resources.
[INFO] Copying 8 resources
[INFO] 
[INFO] --- maven-compiler-plugin:3.1:testCompile (default-testCompile) @ cucSpringIntegration ---
[INFO] Nothing to compile - all classes are up to date
[INFO] 
[INFO] --- maven-surefire-plugin:2.12.4:test (default-test) @ cucSpringIntegration ---
[INFO] Surefire report directory: C:\Users\Pius\Documents\TestAutomation\workspace\cuc-spring-integration\cucSpringIntegration\target\surefire-reports

-------------------------------------------------------
 T E S T S
-------------------------------------------------------
Running com.pkc.cucspringintegration.run.RunCukesTest
0    [main] INFO  org.springframework.context.support.ClassPathXmlApplicationContext  - Refreshing org.springframework.context.support.ClassPathXmlApplicationContext@22e357dc: startup date [Tue Jan 17 22:52:44 AEDT 2017]; root of context hierarchy
40   [main] INFO  org.springframework.beans.factory.xml.XmlBeanDefinitionReader  - Loading XML bean definitions from class path resource [cucumber.xml]
607  [main] INFO  org.springframework.beans.factory.xml.XmlBeanDefinitionReader  - Loading XML bean definitions from URL [file:/C:/Users/Pius/Documents/TestAutomation/workspace/cuc-spring-integration/cucSpringIntegration/target/test-classes/applicationContext.xml]
684  [main] INFO  org.springframework.beans.factory.xml.XmlBeanDefinitionReader  - Loading XML bean definitions from URL [file:/C:/Users/Pius/Documents/TestAutomation/workspace/cuc-spring-integration/cucSpringIntegration/target/test-classes/springRestConfig.xml]
731  [main] INFO  org.springframework.beans.factory.xml.XmlBeanDefinitionReader  - Loading XML bean definitions from URL [file:/C:/Users/Pius/Documents/TestAutomation/workspace/cuc-spring-integration/cucSpringIntegration/target/classes/springRestConfig.xml]
766  [main] INFO  org.springframework.beans.factory.support.DefaultListableBeanFactory  - Overriding bean definition for bean 'restTemplateWithStrngConverter' with a different definition: replacing [Generic bean: class [org.springframework.web.client.RestTemplate]; scope=cucumber-glue; abstract=false; lazyInit=false; autowireMode=0; dependencyCheck=0; autowireCandidate=true; primary=false; factoryBeanName=null; factoryMethodName=null; initMethodName=null; destroyMethodName=null; defined in URL [file:/C:/Users/Pius/Documents/TestAutomation/workspace/cuc-spring-integration/cucSpringIntegration/target/test-classes/springRestConfig.xml]] with [Generic bean: class [org.springframework.web.client.RestTemplate]; scope=cucumber-glue; abstract=false; lazyInit=false; autowireMode=0; dependencyCheck=0; autowireCandidate=true; primary=false; factoryBeanName=null; factoryMethodName=null; initMethodName=null; destroyMethodName=null; defined in URL [file:/C:/Users/Pius/Documents/TestAutomation/workspace/cuc-spring-integration/cucSpringIntegration/target/classes/springRestConfig.xml]]
771  [main] INFO  org.springframework.beans.factory.xml.XmlBeanDefinitionReader  - Loading XML bean definitions from URL [file:/C:/Users/Pius/Documents/TestAutomation/workspace/cuc-spring-integration/cucSpringIntegration/target/classes/applicationContext.xml]
833  [main] INFO  org.springframework.beans.factory.xml.XmlBeanDefinitionReader  - Loading XML bean definitions from URL [file:/C:/Users/Pius/Documents/TestAutomation/workspace/cuc-spring-integration/cucSpringIntegration/target/test-classes/springRestConfig.xml]
860  [main] INFO  org.springframework.beans.factory.support.DefaultListableBeanFactory  - Overriding bean definition for bean 'restTemplateWithStrngConverter' with a different definition: replacing [Generic bean: class [org.springframework.web.client.RestTemplate]; scope=cucumber-glue; abstract=false; lazyInit=false; autowireMode=0; dependencyCheck=0; autowireCandidate=true; primary=false; factoryBeanName=null; factoryMethodName=null; initMethodName=null; destroyMethodName=null; defined in URL [file:/C:/Users/Pius/Documents/TestAutomation/workspace/cuc-spring-integration/cucSpringIntegration/target/classes/springRestConfig.xml]] with [Generic bean: class [org.springframework.web.client.RestTemplate]; scope=cucumber-glue; abstract=false; lazyInit=false; autowireMode=0; dependencyCheck=0; autowireCandidate=true; primary=false; factoryBeanName=null; factoryMethodName=null; initMethodName=null; destroyMethodName=null; defined in URL [file:/C:/Users/Pius/Documents/TestAutomation/workspace/cuc-spring-integration/cucSpringIntegration/target/test-classes/springRestConfig.xml]]
860  [main] INFO  org.springframework.beans.factory.xml.XmlBeanDefinitionReader  - Loading XML bean definitions from URL [file:/C:/Users/Pius/Documents/TestAutomation/workspace/cuc-spring-integration/cucSpringIntegration/target/classes/springRestConfig.xml]
888  [main] INFO  org.springframework.beans.factory.support.DefaultListableBeanFactory  - Overriding bean definition for bean 'restTemplateWithStrngConverter' with a different definition: replacing [Generic bean: class [org.springframework.web.client.RestTemplate]; scope=cucumber-glue; abstract=false; lazyInit=false; autowireMode=0; dependencyCheck=0; autowireCandidate=true; primary=false; factoryBeanName=null; factoryMethodName=null; initMethodName=null; destroyMethodName=null; defined in URL [file:/C:/Users/Pius/Documents/TestAutomation/workspace/cuc-spring-integration/cucSpringIntegration/target/test-classes/springRestConfig.xml]] with [Generic bean: class [org.springframework.web.client.RestTemplate]; scope=cucumber-glue; abstract=false; lazyInit=false; autowireMode=0; dependencyCheck=0; autowireCandidate=true; primary=false; factoryBeanName=null; factoryMethodName=null; initMethodName=null; destroyMethodName=null; defined in URL [file:/C:/Users/Pius/Documents/TestAutomation/workspace/cuc-spring-integration/cucSpringIntegration/target/classes/springRestConfig.xml]]
1830 [main] INFO  com.pkc.cucspringintegration.glue.rest.RestStepDefinition  - entered the @Before segment ...
4980 [main] INFO  com.pkc.cucspringintegration.glue.rest.RestStepDefinition  - entered the @After segment, may add additional clean up operation be done here ...
5011 [main] INFO  com.pkc.cucspringintegration.glue.rest.RestStepDefinition  - entered the @Before segment ...
7750 [main] INFO  com.pkc.cucspringintegration.glue.rest.RestStepDefinition  - entered the @After segment, may add additional clean up operation be done here ...

2 Scenarios ([32m2 passed[0m)
6 Steps ([32m6 passed[0m)
0m6.540s

Tests run: 8, Failures: 0, Errors: 0, Skipped: 0, Time elapsed: 8.364 sec
7791 [Thread-0] INFO  org.springframework.context.support.ClassPathXmlApplicationContext  - Closing org.springframework.context.support.ClassPathXmlApplicationContext@22e357dc: startup date [Tue Jan 17 22:52:44 AEDT 2017]; root of context hierarchy

Results :

Tests run: 8, Failures: 0, Errors: 0, Skipped: 0

[INFO] ------------------------------------------------------------------------
[INFO] BUILD SUCCESS
[INFO] ------------------------------------------------------------------------
[INFO] Total time: 11.186 s
[INFO] Finished at: 2017-01-17T22:52:52+11:00
[INFO] Final Memory: 12M/220M
[INFO] ------------------------------------------------------------------------
